app/build/intermediates/manifest_merge_blame_file/debug/manifest-merger-blame-debug-report.txt
1<?xml version="1.0" encoding="utf-8"?>
2<manifest xmlns:android="http://schemas.android.com/apk/res/android"
3    package="com.Dhavin_10120075_IF2"
4    android:versionCode="1"
5    android:versionName="1.0" >
6
7    <uses-sdk
8        android:minSdkVersion="22"
8-->src\main\AndroidManifest.xml
9        android:targetSdkVersion="33" />
9-->src\main\AndroidManifest.xml
10
11    <uses-permission android:name="android.permission.INTERNET" />
11-->[com.google.firebase:firebase-auth:22.1.1] AndroidManifest.xml:25:5-67
11-->[com.google.firebase:firebase-auth:22.1.1] AndroidManifest.xml:25:22-64
12    <uses-permission android:name="android.permission.ACCESS_NETWORK_STATE" />
12-->[com.google.firebase:firebase-auth:22.1.1] AndroidManifest.xml:26:5-79
12-->[com.google.firebase:firebase-auth:22.1.1] AndroidManifest.xml:26:22-76
13
14    <application
14-->src\main\AndroidManifest.xml:5:5-26:19
15        android:allowBackup="true"
15-->src\main\AndroidManifest.xml:6:9-35
16        android:appComponentFactory="androidx.core.app.CoreComponentFactory"
16-->[androidx.core:core:1.8.0] AndroidManifest.xml:24:18-86
17        android:debuggable="true"
18        android:icon="@mipmap/ic_launcher"
18-->src\main\AndroidManifest.xml:7:9-43
19        android:label="@string/app_name"
19-->src\main\AndroidManifest.xml:8:9-41
20        android:roundIcon="@mipmap/ic_launcher_round"
20-->src\main\AndroidManifest.xml:9:9-54
21        android:supportsRtl="true"
21-->src\main\AndroidManifest.xml:10:9-35
22        android:theme="@style/AppTheme" >
22-->src\main\AndroidManifest.xml:11:9-40
23        <activity
23-->src\main\AndroidManifest.xml:13:9-14:68
24            android:name="com.Dhavin_10120075_IF2.view.activity.AddNoteActivity"
24-->src\main\AndroidManifest.xml:13:19-87
25            android:theme="@style/Theme.Toolbar.ToolBarActivity" />
25-->src\main\AndroidManifest.xml:14:13-65
26        <activity android:name="com.Dhavin_10120075_IF2.view.activity.MainActivity" />
26-->src\main\AndroidManifest.xml:15:9-87
26-->src\main\AndroidManifest.xml:15:19-84
27        <activity android:name="com.Dhavin_10120075_IF2.view.activity.LoginActivity" />
27-->src\main\AndroidManifest.xml:16:9-88
27-->src\main\AndroidManifest.xml:16:19-85
28        <activity android:name="com.Dhavin_10120075_IF2.view.activity.RegisterActivity" />
28-->src\main\AndroidManifest.xml:17:9-91
28-->src\main\AndroidManifest.xml:17:19-88
29        <activity
29-->src\main\AndroidManifest.xml:18:9-25:20
30            android:name="com.Dhavin_10120075_IF2.view.activity.SplashActivity"
30-->src\main\AndroidManifest.xml:18:19-86
31            android:exported="true" >
31-->src\main\AndroidManifest.xml:19:13-36
32            <intent-filter>
32-->src\main\AndroidManifest.xml:20:13-24:29
33                <action android:name="android.intent.action.MAIN" />
33-->src\main\AndroidManifest.xml:21:17-69
33-->src\main\AndroidManifest.xml:21:25-66
34
35                <category android:name="android.intent.category.LAUNCHER" />
35-->src\main\AndroidManifest.xml:23:17-77
35-->src\main\AndroidManifest.xml:23:27-74
36            </intent-filter>
37        </activity>
38        <activity
38-->[com.google.firebase:firebase-auth:22.1.1] AndroidManifest.xml:29:9-46:20
39            android:name="com.google.firebase.auth.internal.GenericIdpActivity"
39-->[com.google.firebase:firebase-auth:22.1.1] AndroidManifest.xml:30:13-80
40            android:excludeFromRecents="true"
40-->[com.google.firebase:firebase-auth:22.1.1] AndroidManifest.xml:31:13-46
41            android:exported="true"
41-->[com.google.firebase:firebase-auth:22.1.1] AndroidManifest.xml:32:13-36
42            android:launchMode="singleTask"
42-->[com.google.firebase:firebase-auth:22.1.1] AndroidManifest.xml:33:13-44
43            android:theme="@android:style/Theme.Translucent.NoTitleBar" >
43-->[com.google.firebase:firebase-auth:22.1.1] AndroidManifest.xml:34:13-72
44            <intent-filter>
44-->[com.google.firebase:firebase-auth:22.1.1] AndroidManifest.xml:35:13-45:29
45                <action android:name="android.intent.action.VIEW" />
45-->[com.google.firebase:firebase-auth:22.1.1] AndroidManifest.xml:36:17-69
45-->[com.google.firebase:firebase-auth:22.1.1] AndroidManifest.xml:36:25-66
46
47                <category android:name="android.intent.category.DEFAULT" />
47-->[com.google.firebase:firebase-auth:22.1.1] AndroidManifest.xml:38:17-76
47-->[com.google.firebase:firebase-auth:22.1.1] AndroidManifest.xml:38:27-73
48                <category android:name="android.intent.category.BROWSABLE" />
48-->[com.google.firebase:firebase-auth:22.1.1] AndroidManifest.xml:39:17-78
48-->[com.google.firebase:firebase-auth:22.1.1] AndroidManifest.xml:39:27-75
49
50                <data
50-->[com.google.firebase:firebase-auth:22.1.1] AndroidManifest.xml:41:17-44:51
51                    android:host="firebase.auth"
51-->[com.google.firebase:firebase-auth:22.1.1] AndroidManifest.xml:42:21-49
52                    android:path="/"
52-->[com.google.firebase:firebase-auth:22.1.1] AndroidManifest.xml:43:21-37
53                    android:scheme="genericidp" />
53-->[com.google.firebase:firebase-auth:22.1.1] AndroidManifest.xml:44:21-48
54            </intent-filter>
55        </activity>
56        <activity
56-->[com.google.firebase:firebase-auth:22.1.1] AndroidManifest.xml:47:9-64:20
57            android:name="com.google.firebase.auth.internal.RecaptchaActivity"
57-->[com.google.firebase:firebase-auth:22.1.1] AndroidManifest.xml:48:13-79
58            android:excludeFromRecents="true"
58-->[com.google.firebase:firebase-auth:22.1.1] AndroidManifest.xml:49:13-46
59            android:exported="true"
59-->[com.google.firebase:firebase-auth:22.1.1] AndroidManifest.xml:50:13-36
60            android:launchMode="singleTask"
60-->[com.google.firebase:firebase-auth:22.1.1] AndroidManifest.xml:51:13-44
61            android:theme="@android:style/Theme.Translucent.NoTitleBar" >
61-->[com.google.firebase:firebase-auth:22.1.1] AndroidManifest.xml:52:13-72
62            <intent-filter>
62-->[com.google.firebase:firebase-auth:22.1.1] AndroidManifest.xml:53:13-63:29
63                <action android:name="android.intent.action.VIEW" />
63-->[com.google.firebase:firebase-auth:22.1.1] AndroidManifest.xml:36:17-69
63-->[com.google.firebase:firebase-auth:22.1.1] AndroidManifest.xml:36:25-66
64
65                <category android:name="android.intent.category.DEFAULT" />
65-->[com.google.firebase:firebase-auth:22.1.1] AndroidManifest.xml:38:17-76
65-->[com.google.firebase:firebase-auth:22.1.1] AndroidManifest.xml:38:27-73
66                <category android:name="android.intent.category.BROWSABLE" />
66-->[com.google.firebase:firebase-auth:22.1.1] AndroidManifest.xml:39:17-78
66-->[com.google.firebase:firebase-auth:22.1.1] AndroidManifest.xml:39:27-75
67
68                <data
68-->[com.google.firebase:firebase-auth:22.1.1] AndroidManifest.xml:41:17-44:51
69                    android:host="firebase.auth"
69-->[com.google.firebase:firebase-auth:22.1.1] AndroidManifest.xml:42:21-49
70                    android:path="/"
70-->[com.google.firebase:firebase-auth:22.1.1] AndroidManifest.xml:43:21-37
71                    android:scheme="recaptcha" />
71-->[com.google.firebase:firebase-auth:22.1.1] AndroidManifest.xml:44:21-48
72            </intent-filter>
73        </activity>
74
75        <service
75-->[com.google.firebase:firebase-auth:22.1.1] AndroidManifest.xml:66:9-72:19
76            android:name="com.google.firebase.components.ComponentDiscoveryService"
76-->[com.google.firebase:firebase-auth:22.1.1] AndroidManifest.xml:67:13-84
77            android:directBootAware="true"
77-->[com.google.firebase:firebase-common:20.3.2] AndroidManifest.xml:34:13-43
78            android:exported="false" >
78-->[com.google.firebase:firebase-auth:22.1.1] AndroidManifest.xml:68:13-37
79            <meta-data
79-->[com.google.firebase:firebase-auth:22.1.1] AndroidManifest.xml:69:13-71:85
80                android:name="com.google.firebase.components:com.google.firebase.auth.FirebaseAuthRegistrar"
80-->[com.google.firebase:firebase-auth:22.1.1] AndroidManifest.xml:70:17-109
81                android:value="com.google.firebase.components.ComponentRegistrar" />
81-->[com.google.firebase:firebase-auth:22.1.1] AndroidManifest.xml:71:17-82
82            <meta-data
82-->[com.google.firebase:firebase-database:20.2.2] AndroidManifest.xml:31:13-33:85
83                android:name="com.google.firebase.components:com.google.firebase.database.DatabaseRegistrar"
83-->[com.google.firebase:firebase-database:20.2.2] AndroidManifest.xml:32:17-109
84                android:value="com.google.firebase.components.ComponentRegistrar" />
84-->[com.google.firebase:firebase-database:20.2.2] AndroidManifest.xml:33:17-82
85        </service>
86
87        <activity
87-->[com.google.android.gms:play-services-auth:20.0.0] AndroidManifest.xml:23:9-27:75
88            android:name="com.google.android.gms.auth.api.signin.internal.SignInHubActivity"
88-->[com.google.android.gms:play-services-auth:20.0.0] AndroidManifest.xml:24:13-93
89            android:excludeFromRecents="true"
89-->[com.google.android.gms:play-services-auth:20.0.0] AndroidManifest.xml:25:13-46
90            android:exported="false"
90-->[com.google.android.gms:play-services-auth:20.0.0] AndroidManifest.xml:26:13-37
91            android:theme="@android:style/Theme.Translucent.NoTitleBar" />
91-->[com.google.android.gms:play-services-auth:20.0.0] AndroidManifest.xml:27:13-72
92        <!--
93            Service handling Google Sign-In user revocation. For apps that do not integrate with
94            Google Sign-In, this service will never be started.
95        -->
96        <service
96-->[com.google.android.gms:play-services-auth:20.0.0] AndroidManifest.xml:33:9-37:51
97            android:name="com.google.android.gms.auth.api.signin.RevocationBoundService"
97-->[com.google.android.gms:play-services-auth:20.0.0] AndroidManifest.xml:34:13-89
98            android:exported="true"
98-->[com.google.android.gms:play-services-auth:20.0.0] AndroidManifest.xml:35:13-36
99            android:permission="com.google.android.gms.auth.api.signin.permission.REVOCATION_NOTIFICATION"
99-->[com.google.android.gms:play-services-auth:20.0.0] AndroidManifest.xml:36:13-107
100            android:visibleToInstantApps="true" />
100-->[com.google.android.gms:play-services-auth:20.0.0] AndroidManifest.xml:37:13-48
101
102        <provider
102-->[androidx.emoji2:emoji2:1.0.0] AndroidManifest.xml:26:9-34:20
103            android:name="androidx.startup.InitializationProvider"
103-->[androidx.emoji2:emoji2:1.0.0] AndroidManifest.xml:27:13-67
104            android:authorities="com.Dhavin_10120075_IF2.androidx-startup"
104-->[androidx.emoji2:emoji2:1.0.0] AndroidManifest.xml:28:13-68
105            android:exported="false" >
105-->[androidx.emoji2:emoji2:1.0.0] AndroidManifest.xml:29:13-37
106            <meta-data
106-->[androidx.emoji2:emoji2:1.0.0] AndroidManifest.xml:31:13-33:52
107                android:name="androidx.emoji2.text.EmojiCompatInitializer"
107-->[androidx.emoji2:emoji2:1.0.0] AndroidManifest.xml:32:17-75
108                android:value="androidx.startup" />
108-->[androidx.emoji2:emoji2:1.0.0] AndroidManifest.xml:33:17-49
109            <meta-data
109-->[androidx.lifecycle:lifecycle-process:2.4.0] AndroidManifest.xml:31:13-33:52
110                android:name="androidx.lifecycle.ProcessLifecycleInitializer"
110-->[androidx.lifecycle:lifecycle-process:2.4.0] AndroidManifest.xml:32:17-78
111                android:value="androidx.startup" />
111-->[androidx.lifecycle:lifecycle-process:2.4.0] AndroidManifest.xml:33:17-49
112        </provider>
113        <provider
113-->[com.google.firebase:firebase-common:20.3.2] AndroidManifest.xml:25:9-30:39
114            android:name="com.google.firebase.provider.FirebaseInitProvider"
114-->[com.google.firebase:firebase-common:20.3.2] AndroidManifest.xml:26:13-77
115            android:authorities="com.Dhavin_10120075_IF2.firebaseinitprovider"
115-->[com.google.firebase:firebase-common:20.3.2] AndroidManifest.xml:27:13-72
116            android:directBootAware="true"
116-->[com.google.firebase:firebase-common:20.3.2] AndroidManifest.xml:28:13-43
117            android:exported="false"
117-->[com.google.firebase:firebase-common:20.3.2] AndroidManifest.xml:29:13-37
118            android:initOrder="100" />
118-->[com.google.firebase:firebase-common:20.3.2] AndroidManifest.xml:30:13-36
119
120        <activity
120-->[com.google.android.gms:play-services-base:18.1.0] AndroidManifest.xml:20:9-22:45
121            android:name="com.google.android.gms.common.api.GoogleApiActivity"
121-->[com.google.android.gms:play-services-base:18.1.0] AndroidManifest.xml:20:19-85
122            android:exported="false"
122-->[com.google.android.gms:play-services-base:18.1.0] AndroidManifest.xml:22:19-43
123            android:theme="@android:style/Theme.Translucent.NoTitleBar" />
123-->[com.google.android.gms:play-services-base:18.1.0] AndroidManifest.xml:21:19-78
124
125        <uses-library
125-->[androidx.window:window:1.0.0] AndroidManifest.xml:25:9-27:40
126            android:name="androidx.window.extensions"
126-->[androidx.window:window:1.0.0] AndroidManifest.xml:26:13-54
127            android:required="false" />
127-->[androidx.window:window:1.0.0] AndroidManifest.xml:27:13-37
128        <uses-library
128-->[androidx.window:window:1.0.0] AndroidManifest.xml:28:9-30:40
129            android:name="androidx.window.sidecar"
129-->[androidx.window:window:1.0.0] AndroidManifest.xml:29:13-51
130            android:required="false" />
130-->[androidx.window:window:1.0.0] AndroidManifest.xml:30:13-37
131
132        <meta-data
132-->[com.google.android.gms:play-services-basement:18.1.0] AndroidManifest.xml:21:9-23:69
133            android:name="com.google.android.gms.version"
133-->[com.google.android.gms:play-services-basement:18.1.0] AndroidManifest.xml:22:13-58
134            android:value="@integer/google_play_services_version" />
134-->[com.google.android.gms:play-services-basement:18.1.0] AndroidManifest.xml:23:13-66
135    </application>
136
137</manifest>